{"/home/nathan/Desktop/projects/javascript-basics/src/arrays.js": {"path":"/home/nathan/Desktop/projects/javascript-basics/src/arrays.js","statementMap":{"0":{"start":{"line":1,"column":22},"end":{"line":3,"column":1}},"1":{"start":{"line":5,"column":25},"end":{"line":7,"column":1}},"2":{"start":{"line":9,"column":25},"end":{"line":11,"column":1}},"3":{"start":{"line":13,"column":19},"end":{"line":15,"column":1}},"4":{"start":{"line":17,"column":20},"end":{"line":19,"column":1}},"5":{"start":{"line":21,"column":25},"end":{"line":23,"column":1}},"6":{"start":{"line":25,"column":25},"end":{"line":27,"column":1}},"7":{"start":{"line":29,"column":30},"end":{"line":31,"column":1}},"8":{"start":{"line":33,"column":28},"end":{"line":35,"column":1}},"9":{"start":{"line":37,"column":17},"end":{"line":39,"column":1}},"10":{"start":{"line":41,"column":26},"end":{"line":43,"column":1}},"11":{"start":{"line":45,"column":35},"end":{"line":47,"column":1}},"12":{"start":{"line":49,"column":21},"end":{"line":51,"column":1}},"13":{"start":{"line":53,"column":19},"end":{"line":55,"column":1}},"14":{"start":{"line":57,"column":25},"end":{"line":59,"column":1}},"15":{"start":{"line":61,"column":0},"end":{"line":77,"column":2}}},"fnMap":{"0":{"name":"(anonymous_0)","decl":{"start":{"line":1,"column":22},"end":{"line":1,"column":23}},"loc":{"start":{"line":1,"column":40},"end":{"line":3,"column":1}},"line":1},"1":{"name":"(anonymous_1)","decl":{"start":{"line":5,"column":25},"end":{"line":5,"column":26}},"loc":{"start":{"line":5,"column":34},"end":{"line":7,"column":1}},"line":5},"2":{"name":"(anonymous_2)","decl":{"start":{"line":9,"column":25},"end":{"line":9,"column":26}},"loc":{"start":{"line":9,"column":35},"end":{"line":11,"column":1}},"line":9},"3":{"name":"(anonymous_3)","decl":{"start":{"line":13,"column":19},"end":{"line":13,"column":20}},"loc":{"start":{"line":13,"column":39},"end":{"line":15,"column":1}},"line":13},"4":{"name":"(anonymous_4)","decl":{"start":{"line":17,"column":20},"end":{"line":17,"column":21}},"loc":{"start":{"line":17,"column":40},"end":{"line":19,"column":1}},"line":17},"5":{"name":"(anonymous_5)","decl":{"start":{"line":21,"column":25},"end":{"line":21,"column":26}},"loc":{"start":{"line":21,"column":43},"end":{"line":23,"column":1}},"line":21},"6":{"name":"(anonymous_6)","decl":{"start":{"line":25,"column":25},"end":{"line":25,"column":26}},"loc":{"start":{"line":25,"column":36},"end":{"line":27,"column":1}},"line":25},"7":{"name":"(anonymous_7)","decl":{"start":{"line":29,"column":30},"end":{"line":29,"column":31}},"loc":{"start":{"line":29,"column":41},"end":{"line":31,"column":1}},"line":29},"8":{"name":"(anonymous_8)","decl":{"start":{"line":33,"column":28},"end":{"line":33,"column":29}},"loc":{"start":{"line":33,"column":39},"end":{"line":35,"column":1}},"line":33},"9":{"name":"(anonymous_9)","decl":{"start":{"line":37,"column":17},"end":{"line":37,"column":18}},"loc":{"start":{"line":37,"column":28},"end":{"line":39,"column":1}},"line":37},"10":{"name":"(anonymous_10)","decl":{"start":{"line":41,"column":26},"end":{"line":41,"column":27}},"loc":{"start":{"line":41,"column":44},"end":{"line":43,"column":1}},"line":41},"11":{"name":"(anonymous_11)","decl":{"start":{"line":45,"column":35},"end":{"line":45,"column":36}},"loc":{"start":{"line":45,"column":46},"end":{"line":47,"column":1}},"line":45},"12":{"name":"(anonymous_12)","decl":{"start":{"line":49,"column":21},"end":{"line":49,"column":22}},"loc":{"start":{"line":49,"column":31},"end":{"line":51,"column":1}},"line":49},"13":{"name":"(anonymous_13)","decl":{"start":{"line":53,"column":19},"end":{"line":53,"column":20}},"loc":{"start":{"line":53,"column":30},"end":{"line":55,"column":1}},"line":53},"14":{"name":"(anonymous_14)","decl":{"start":{"line":57,"column":25},"end":{"line":57,"column":26}},"loc":{"start":{"line":57,"column":36},"end":{"line":59,"column":1}},"line":57}},"branchMap":{},"s":{"0":1,"1":1,"2":1,"3":1,"4":1,"5":1,"6":1,"7":1,"8":1,"9":1,"10":1,"11":1,"12":1,"13":1,"14":1,"15":1},"f":{"0":0,"1":0,"2":0,"3":0,"4":0,"5":0,"6":0,"7":0,"8":0,"9":0,"10":0,"11":0,"12":0,"13":0,"14":0},"b":{},"_coverageSchema":"1a1c01bbd47fc00a2c39e90264f33305004495a9","hash":"e1663367149cb5cb9dffed7ff4fad7790c1e55da"}
,"/home/nathan/Desktop/projects/javascript-basics/src/booleans.js": {"path":"/home/nathan/Desktop/projects/javascript-basics/src/booleans.js","statementMap":{"0":{"start":{"line":2,"column":2},"end":{"line":2,"column":21}},"1":{"start":{"line":6,"column":2},"end":{"line":6,"column":16}},"2":{"start":{"line":10,"column":2},"end":{"line":10,"column":16}},"3":{"start":{"line":14,"column":2},"end":{"line":14,"column":18}},"4":{"start":{"line":18,"column":2},"end":{"line":18,"column":18}},"5":{"start":{"line":22,"column":2},"end":{"line":22,"column":20}},"6":{"start":{"line":26,"column":2},"end":{"line":26,"column":17}},"7":{"start":{"line":30,"column":2},"end":{"line":30,"column":15}},"8":{"start":{"line":34,"column":2},"end":{"line":34,"column":16}},"9":{"start":{"line":38,"column":2},"end":{"line":38,"column":21}},"10":{"start":{"line":42,"column":2},"end":{"line":42,"column":21}},"11":{"start":{"line":46,"column":2},"end":{"line":46,"column":41}},"12":{"start":{"line":50,"column":2},"end":{"line":50,"column":33}},"13":{"start":{"line":54,"column":2},"end":{"line":54,"column":34}},"14":{"start":{"line":58,"column":2},"end":{"line":58,"column":41}},"15":{"start":{"line":61,"column":0},"end":{"line":77,"column":2}}},"fnMap":{"0":{"name":"negate","decl":{"start":{"line":1,"column":9},"end":{"line":1,"column":15}},"loc":{"start":{"line":1,"column":19},"end":{"line":3,"column":1}},"line":1},"1":{"name":"both","decl":{"start":{"line":5,"column":9},"end":{"line":5,"column":13}},"loc":{"start":{"line":5,"column":20},"end":{"line":7,"column":1}},"line":5},"2":{"name":"either","decl":{"start":{"line":9,"column":9},"end":{"line":9,"column":15}},"loc":{"start":{"line":9,"column":22},"end":{"line":11,"column":1}},"line":9},"3":{"name":"none","decl":{"start":{"line":13,"column":9},"end":{"line":13,"column":13}},"loc":{"start":{"line":13,"column":20},"end":{"line":15,"column":1}},"line":13},"4":{"name":"one","decl":{"start":{"line":17,"column":9},"end":{"line":17,"column":12}},"loc":{"start":{"line":17,"column":19},"end":{"line":19,"column":1}},"line":17},"5":{"name":"truthiness","decl":{"start":{"line":21,"column":9},"end":{"line":21,"column":19}},"loc":{"start":{"line":21,"column":23},"end":{"line":23,"column":1}},"line":21},"6":{"name":"isEqual","decl":{"start":{"line":25,"column":9},"end":{"line":25,"column":16}},"loc":{"start":{"line":25,"column":23},"end":{"line":27,"column":1}},"line":25},"7":{"name":"isGreaterThan","decl":{"start":{"line":29,"column":9},"end":{"line":29,"column":22}},"loc":{"start":{"line":29,"column":29},"end":{"line":31,"column":1}},"line":29},"8":{"name":"isLessThanOrEqualTo","decl":{"start":{"line":33,"column":9},"end":{"line":33,"column":28}},"loc":{"start":{"line":33,"column":35},"end":{"line":35,"column":1}},"line":33},"9":{"name":"isOdd","decl":{"start":{"line":37,"column":9},"end":{"line":37,"column":14}},"loc":{"start":{"line":37,"column":18},"end":{"line":39,"column":1}},"line":37},"10":{"name":"isEven","decl":{"start":{"line":41,"column":9},"end":{"line":41,"column":15}},"loc":{"start":{"line":41,"column":19},"end":{"line":43,"column":1}},"line":41},"11":{"name":"isSquare","decl":{"start":{"line":45,"column":9},"end":{"line":45,"column":17}},"loc":{"start":{"line":45,"column":21},"end":{"line":47,"column":1}},"line":45},"12":{"name":"startsWith","decl":{"start":{"line":49,"column":9},"end":{"line":49,"column":19}},"loc":{"start":{"line":49,"column":34},"end":{"line":51,"column":1}},"line":49},"13":{"name":"containsVowels","decl":{"start":{"line":53,"column":9},"end":{"line":53,"column":23}},"loc":{"start":{"line":53,"column":32},"end":{"line":55,"column":1}},"line":53},"14":{"name":"isLowerCase","decl":{"start":{"line":57,"column":9},"end":{"line":57,"column":20}},"loc":{"start":{"line":57,"column":29},"end":{"line":59,"column":1}},"line":57}},"branchMap":{"0":{"loc":{"start":{"line":6,"column":9},"end":{"line":6,"column":15}},"type":"binary-expr","locations":[{"start":{"line":6,"column":9},"end":{"line":6,"column":10}},{"start":{"line":6,"column":14},"end":{"line":6,"column":15}}],"line":6},"1":{"loc":{"start":{"line":10,"column":9},"end":{"line":10,"column":15}},"type":"binary-expr","locations":[{"start":{"line":10,"column":9},"end":{"line":10,"column":10}},{"start":{"line":10,"column":14},"end":{"line":10,"column":15}}],"line":10},"2":{"loc":{"start":{"line":14,"column":9},"end":{"line":14,"column":17}},"type":"binary-expr","locations":[{"start":{"line":14,"column":9},"end":{"line":14,"column":11}},{"start":{"line":14,"column":15},"end":{"line":14,"column":17}}],"line":14}},"s":{"0":2,"1":4,"2":4,"3":4,"4":4,"5":9,"6":6,"7":3,"8":3,"9":4,"10":4,"11":4,"12":3,"13":3,"14":3,"15":1},"f":{"0":2,"1":4,"2":4,"3":4,"4":4,"5":9,"6":6,"7":3,"8":3,"9":4,"10":4,"11":4,"12":3,"13":3,"14":3},"b":{"0":[4,2],"1":[4,2],"2":[4,2]},"_coverageSchema":"1a1c01bbd47fc00a2c39e90264f33305004495a9","hash":"0beca1fbeaf0016d38120b8eb3402867b1500ef4"}
,"/home/nathan/Desktop/projects/javascript-basics/src/numbers.js": {"path":"/home/nathan/Desktop/projects/javascript-basics/src/numbers.js","statementMap":{"0":{"start":{"line":2,"column":2},"end":{"line":2,"column":15}},"1":{"start":{"line":6,"column":2},"end":{"line":6,"column":15}},"2":{"start":{"line":10,"column":2},"end":{"line":10,"column":15}},"3":{"start":{"line":14,"column":2},"end":{"line":14,"column":15}},"4":{"start":{"line":18,"column":2},"end":{"line":18,"column":18}},"5":{"start":{"line":22,"column":2},"end":{"line":22,"column":24}},"6":{"start":{"line":26,"column":2},"end":{"line":26,"column":23}},"7":{"start":{"line":30,"column":2},"end":{"line":30,"column":24}},"8":{"start":{"line":34,"column":2},"end":{"line":34,"column":22}},"9":{"start":{"line":38,"column":2},"end":{"line":38,"column":28}},"10":{"start":{"line":42,"column":2},"end":{"line":42,"column":15}},"11":{"start":{"line":45,"column":0},"end":{"line":57,"column":1}}},"fnMap":{"0":{"name":"add","decl":{"start":{"line":1,"column":9},"end":{"line":1,"column":12}},"loc":{"start":{"line":1,"column":20},"end":{"line":3,"column":1}},"line":1},"1":{"name":"subtract","decl":{"start":{"line":5,"column":9},"end":{"line":5,"column":17}},"loc":{"start":{"line":5,"column":25},"end":{"line":7,"column":1}},"line":5},"2":{"name":"multiply","decl":{"start":{"line":9,"column":9},"end":{"line":9,"column":17}},"loc":{"start":{"line":9,"column":25},"end":{"line":11,"column":1}},"line":9},"3":{"name":"divide","decl":{"start":{"line":13,"column":9},"end":{"line":13,"column":15}},"loc":{"start":{"line":13,"column":23},"end":{"line":15,"column":1}},"line":13},"4":{"name":"power","decl":{"start":{"line":17,"column":9},"end":{"line":17,"column":14}},"loc":{"start":{"line":17,"column":22},"end":{"line":19,"column":1}},"line":17},"5":{"name":"round","decl":{"start":{"line":21,"column":9},"end":{"line":21,"column":14}},"loc":{"start":{"line":21,"column":19},"end":{"line":23,"column":1}},"line":21},"6":{"name":"roundUp","decl":{"start":{"line":25,"column":9},"end":{"line":25,"column":16}},"loc":{"start":{"line":25,"column":21},"end":{"line":27,"column":1}},"line":25},"7":{"name":"roundDown","decl":{"start":{"line":29,"column":9},"end":{"line":29,"column":18}},"loc":{"start":{"line":29,"column":23},"end":{"line":31,"column":1}},"line":29},"8":{"name":"absolute","decl":{"start":{"line":33,"column":9},"end":{"line":33,"column":17}},"loc":{"start":{"line":33,"column":22},"end":{"line":35,"column":1}},"line":33},"9":{"name":"quotient","decl":{"start":{"line":37,"column":9},"end":{"line":37,"column":17}},"loc":{"start":{"line":37,"column":25},"end":{"line":39,"column":1}},"line":37},"10":{"name":"remainder","decl":{"start":{"line":41,"column":9},"end":{"line":41,"column":18}},"loc":{"start":{"line":41,"column":26},"end":{"line":43,"column":1}},"line":41}},"branchMap":{},"s":{"0":4,"1":5,"2":3,"3":4,"4":3,"5":3,"6":3,"7":3,"8":3,"9":4,"10":4,"11":1},"f":{"0":4,"1":5,"2":3,"3":4,"4":3,"5":3,"6":3,"7":3,"8":3,"9":4,"10":4},"b":{},"_coverageSchema":"1a1c01bbd47fc00a2c39e90264f33305004495a9","hash":"c7ea95b30868e4855692726c87e0e9a0b196b604"}
,"/home/nathan/Desktop/projects/javascript-basics/src/objects.js": {"path":"/home/nathan/Desktop/projects/javascript-basics/src/objects.js","statementMap":{"0":{"start":{"line":1,"column":21},"end":{"line":3,"column":1}},"1":{"start":{"line":2,"column":2},"end":{"line":2,"column":23}},"2":{"start":{"line":5,"column":16},"end":{"line":7,"column":1}},"3":{"start":{"line":6,"column":2},"end":{"line":6,"column":21}},"4":{"start":{"line":9,"column":20},"end":{"line":11,"column":1}},"5":{"start":{"line":10,"column":2},"end":{"line":10,"column":26}},"6":{"start":{"line":13,"column":20},"end":{"line":16,"column":1}},"7":{"start":{"line":14,"column":2},"end":{"line":14,"column":36}},"8":{"start":{"line":14,"column":24},"end":{"line":14,"column":36}},"9":{"start":{"line":15,"column":2},"end":{"line":15,"column":15}},"10":{"start":{"line":18,"column":17},"end":{"line":21,"column":1}},"11":{"start":{"line":19,"column":2},"end":{"line":19,"column":35}},"12":{"start":{"line":19,"column":23},"end":{"line":19,"column":35}},"13":{"start":{"line":20,"column":2},"end":{"line":20,"column":15}},"14":{"start":{"line":23,"column":16},"end":{"line":29,"column":1}},"15":{"start":{"line":24,"column":16},"end":{"line":24,"column":18}},"16":{"start":{"line":25,"column":2},"end":{"line":27,"column":5}},"17":{"start":{"line":26,"column":4},"end":{"line":26,"column":28}},"18":{"start":{"line":28,"column":2},"end":{"line":28,"column":15}},"19":{"start":{"line":31,"column":19},"end":{"line":31,"column":39}},"20":{"start":{"line":33,"column":19},"end":{"line":35,"column":1}},"21":{"start":{"line":37,"column":19},"end":{"line":39,"column":1}},"22":{"start":{"line":41,"column":28},"end":{"line":43,"column":1}},"23":{"start":{"line":45,"column":0},"end":{"line":56,"column":2}}},"fnMap":{"0":{"name":"(anonymous_0)","decl":{"start":{"line":1,"column":21},"end":{"line":1,"column":22}},"loc":{"start":{"line":1,"column":36},"end":{"line":3,"column":1}},"line":1},"1":{"name":"(anonymous_1)","decl":{"start":{"line":5,"column":16},"end":{"line":5,"column":17}},"loc":{"start":{"line":5,"column":26},"end":{"line":7,"column":1}},"line":5},"2":{"name":"(anonymous_2)","decl":{"start":{"line":9,"column":20},"end":{"line":9,"column":21}},"loc":{"start":{"line":9,"column":42},"end":{"line":11,"column":1}},"line":9},"3":{"name":"(anonymous_3)","decl":{"start":{"line":13,"column":20},"end":{"line":13,"column":21}},"loc":{"start":{"line":13,"column":42},"end":{"line":16,"column":1}},"line":13},"4":{"name":"(anonymous_4)","decl":{"start":{"line":18,"column":17},"end":{"line":18,"column":18}},"loc":{"start":{"line":18,"column":27},"end":{"line":21,"column":1}},"line":18},"5":{"name":"(anonymous_5)","decl":{"start":{"line":23,"column":16},"end":{"line":23,"column":17}},"loc":{"start":{"line":23,"column":26},"end":{"line":29,"column":1}},"line":23},"6":{"name":"(anonymous_6)","decl":{"start":{"line":25,"column":17},"end":{"line":25,"column":18}},"loc":{"start":{"line":25,"column":28},"end":{"line":27,"column":3}},"line":25},"7":{"name":"(anonymous_7)","decl":{"start":{"line":31,"column":19},"end":{"line":31,"column":20}},"loc":{"start":{"line":31,"column":37},"end":{"line":31,"column":39}},"line":31},"8":{"name":"(anonymous_8)","decl":{"start":{"line":33,"column":19},"end":{"line":33,"column":20}},"loc":{"start":{"line":33,"column":27},"end":{"line":35,"column":1}},"line":33},"9":{"name":"(anonymous_9)","decl":{"start":{"line":37,"column":19},"end":{"line":37,"column":20}},"loc":{"start":{"line":37,"column":29},"end":{"line":39,"column":1}},"line":37},"10":{"name":"(anonymous_10)","decl":{"start":{"line":41,"column":28},"end":{"line":41,"column":29}},"loc":{"start":{"line":41,"column":43},"end":{"line":43,"column":1}},"line":41}},"branchMap":{"0":{"loc":{"start":{"line":14,"column":2},"end":{"line":14,"column":36}},"type":"if","locations":[{"start":{"line":14,"column":2},"end":{"line":14,"column":36}},{"start":{},"end":{}}],"line":14},"1":{"loc":{"start":{"line":19,"column":2},"end":{"line":19,"column":35}},"type":"if","locations":[{"start":{"line":19,"column":2},"end":{"line":19,"column":35}},{"start":{},"end":{}}],"line":19}},"s":{"0":1,"1":2,"2":1,"3":1,"4":1,"5":1,"6":1,"7":2,"8":1,"9":1,"10":1,"11":3,"12":1,"13":2,"14":1,"15":1,"16":1,"17":3,"18":1,"19":1,"20":1,"21":1,"22":1,"23":1},"f":{"0":2,"1":1,"2":1,"3":2,"4":3,"5":1,"6":3,"7":1,"8":0,"9":0,"10":0},"b":{"0":[1,1],"1":[1,2]},"_coverageSchema":"1a1c01bbd47fc00a2c39e90264f33305004495a9","hash":"aac9faaa0c9f29dc752aff77ff23977c84c41c9e"}
,"/home/nathan/Desktop/projects/javascript-basics/src/strings.js": {"path":"/home/nathan/Desktop/projects/javascript-basics/src/strings.js","statementMap":{"0":{"start":{"line":2,"column":2},"end":{"line":2,"column":29}},"1":{"start":{"line":6,"column":2},"end":{"line":6,"column":30}},"2":{"start":{"line":10,"column":2},"end":{"line":10,"column":30}},"3":{"start":{"line":14,"column":2},"end":{"line":14,"column":23}},"4":{"start":{"line":18,"column":2},"end":{"line":18,"column":26}},"5":{"start":{"line":22,"column":2},"end":{"line":22,"column":32}},"6":{"start":{"line":25,"column":0},"end":{"line":32,"column":2}}},"fnMap":{"0":{"name":"sayHello","decl":{"start":{"line":1,"column":9},"end":{"line":1,"column":17}},"loc":{"start":{"line":1,"column":26},"end":{"line":3,"column":1}},"line":1},"1":{"name":"uppercase","decl":{"start":{"line":5,"column":9},"end":{"line":5,"column":18}},"loc":{"start":{"line":5,"column":27},"end":{"line":7,"column":1}},"line":5},"2":{"name":"lowercase","decl":{"start":{"line":9,"column":9},"end":{"line":9,"column":18}},"loc":{"start":{"line":9,"column":27},"end":{"line":11,"column":1}},"line":9},"3":{"name":"countCharacters","decl":{"start":{"line":13,"column":9},"end":{"line":13,"column":24}},"loc":{"start":{"line":13,"column":33},"end":{"line":15,"column":1}},"line":13},"4":{"name":"firstCharacter","decl":{"start":{"line":17,"column":9},"end":{"line":17,"column":23}},"loc":{"start":{"line":17,"column":32},"end":{"line":19,"column":1}},"line":17},"5":{"name":"firstCharacters","decl":{"start":{"line":21,"column":9},"end":{"line":21,"column":24}},"loc":{"start":{"line":21,"column":36},"end":{"line":23,"column":1}},"line":21}},"branchMap":{},"s":{"0":3,"1":3,"2":3,"3":3,"4":3,"5":2,"6":1},"f":{"0":3,"1":3,"2":3,"3":3,"4":3,"5":2},"b":{},"_coverageSchema":"1a1c01bbd47fc00a2c39e90264f33305004495a9","hash":"435f35f2f6f1fa62c1a3d273c951de9d6035ddc0"}
}
