TN:
SF:src/arrays.js
FN:1,(anonymous_0)
FN:5,(anonymous_1)
FN:9,(anonymous_2)
FN:13,(anonymous_3)
FN:17,(anonymous_4)
FN:21,(anonymous_5)
FN:25,(anonymous_6)
FN:29,(anonymous_7)
FN:33,(anonymous_8)
FN:37,(anonymous_9)
FN:41,(anonymous_10)
FN:45,(anonymous_11)
FN:49,(anonymous_12)
FN:53,(anonymous_13)
FN:57,(anonymous_14)
FNF:15
FNH:0
FNDA:0,(anonymous_0)
FNDA:0,(anonymous_1)
FNDA:0,(anonymous_2)
FNDA:0,(anonymous_3)
FNDA:0,(anonymous_4)
FNDA:0,(anonymous_5)
FNDA:0,(anonymous_6)
FNDA:0,(anonymous_7)
FNDA:0,(anonymous_8)
FNDA:0,(anonymous_9)
FNDA:0,(anonymous_10)
FNDA:0,(anonymous_11)
FNDA:0,(anonymous_12)
FNDA:0,(anonymous_13)
FNDA:0,(anonymous_14)
DA:1,1
DA:5,1
DA:9,1
DA:13,1
DA:17,1
DA:21,1
DA:25,1
DA:29,1
DA:33,1
DA:37,1
DA:41,1
DA:45,1
DA:49,1
DA:53,1
DA:57,1
DA:61,1
LF:16
LH:16
BRF:0
BRH:0
end_of_record
TN:
SF:src/booleans.js
FN:1,negate
FN:5,both
FN:9,either
FN:13,none
FN:17,one
FN:21,truthiness
FN:25,isEqual
FN:29,isGreaterThan
FN:33,isLessThanOrEqualTo
FN:37,isOdd
FN:41,isEven
FN:45,isSquare
FN:49,startsWith
FN:53,containsVowels
FN:57,isLowerCase
FNF:15
FNH:15
FNDA:2,negate
FNDA:4,both
FNDA:4,either
FNDA:4,none
FNDA:4,one
FNDA:9,truthiness
FNDA:6,isEqual
FNDA:3,isGreaterThan
FNDA:3,isLessThanOrEqualTo
FNDA:4,isOdd
FNDA:4,isEven
FNDA:4,isSquare
FNDA:3,startsWith
FNDA:3,containsVowels
FNDA:3,isLowerCase
DA:2,2
DA:6,4
DA:10,4
DA:14,4
DA:18,4
DA:22,9
DA:26,6
DA:30,3
DA:34,3
DA:38,4
DA:42,4
DA:46,4
DA:50,3
DA:54,3
DA:58,3
DA:61,1
LF:16
LH:16
BRDA:6,0,0,4
BRDA:6,0,1,2
BRDA:10,1,0,4
BRDA:10,1,1,2
BRDA:14,2,0,4
BRDA:14,2,1,2
BRF:6
BRH:6
end_of_record
TN:
SF:src/numbers.js
FN:1,add
FN:5,subtract
FN:9,multiply
FN:13,divide
FN:17,power
FN:21,round
FN:25,roundUp
FN:29,roundDown
FN:33,absolute
FN:37,quotient
FN:41,remainder
FNF:11
FNH:11
FNDA:4,add
FNDA:5,subtract
FNDA:3,multiply
FNDA:4,divide
FNDA:3,power
FNDA:3,round
FNDA:3,roundUp
FNDA:3,roundDown
FNDA:3,absolute
FNDA:4,quotient
FNDA:4,remainder
DA:2,4
DA:6,5
DA:10,3
DA:14,4
DA:18,3
DA:22,3
DA:26,3
DA:30,3
DA:34,3
DA:38,4
DA:42,4
DA:45,1
LF:12
LH:12
BRF:0
BRH:0
end_of_record
TN:
SF:src/objects.js
FN:1,(anonymous_0)
FN:5,(anonymous_1)
FN:9,(anonymous_2)
FN:13,(anonymous_3)
FN:18,(anonymous_4)
FN:23,(anonymous_5)
FN:25,(anonymous_6)
FN:31,(anonymous_7)
FN:33,(anonymous_8)
FN:37,(anonymous_9)
FN:41,(anonymous_10)
FNF:11
FNH:8
FNDA:2,(anonymous_0)
FNDA:1,(anonymous_1)
FNDA:1,(anonymous_2)
FNDA:2,(anonymous_3)
FNDA:3,(anonymous_4)
FNDA:1,(anonymous_5)
FNDA:3,(anonymous_6)
FNDA:1,(anonymous_7)
FNDA:0,(anonymous_8)
FNDA:0,(anonymous_9)
FNDA:0,(anonymous_10)
DA:1,1
DA:2,2
DA:5,1
DA:6,1
DA:9,1
DA:10,1
DA:13,1
DA:14,2
DA:15,1
DA:18,1
DA:19,3
DA:20,2
DA:23,1
DA:24,1
DA:25,1
DA:26,3
DA:28,1
DA:31,1
DA:33,1
DA:37,1
DA:41,1
DA:45,1
LF:22
LH:22
BRDA:14,0,0,1
BRDA:14,0,1,1
BRDA:19,1,0,1
BRDA:19,1,1,2
BRF:4
BRH:4
end_of_record
TN:
SF:src/strings.js
FN:1,sayHello
FN:5,uppercase
FN:9,lowercase
FN:13,countCharacters
FN:17,firstCharacter
FN:21,firstCharacters
FNF:6
FNH:6
FNDA:3,sayHello
FNDA:3,uppercase
FNDA:3,lowercase
FNDA:3,countCharacters
FNDA:3,firstCharacter
FNDA:2,firstCharacters
DA:2,3
DA:6,3
DA:10,3
DA:14,3
DA:18,3
DA:22,2
DA:25,1
LF:7
LH:7
BRF:0
BRH:0
end_of_record
